<?xml version="1.0" encoding="UTF-8"?>
<testsuite name="FirstSpecification" tests="1" skipped="0" failures="0" errors="0" timestamp="2021-11-26T14:46:02" hostname="DESKTOP-6QRG024" time="0.532">
  <properties/>
  <testcase name="Should be able to remove from list" classname="FirstSpecification" time="0.532"/>
  <system-out><![CDATA[]]></system-out>
  <system-err><![CDATA[]]></system-err>
</testsuite>
