<?xml version="1.0" encoding="UTF-8"?>
<testsuite name="FirstSpecification" tests="5" skipped="0" failures="1" errors="0" timestamp="2021-11-26T15:05:03" hostname="DESKTOP-6QRG024" time="0.249">
  <properties/>
  <testcase name="numbers to the power of two [a: 1, b: 2, c: 1, #0]" classname="FirstSpecification" time="0.044"/>
  <testcase name="numbers to the power of two [a: 2, b: 2, c: 4, #1]" classname="FirstSpecification" time="0.0"/>
  <testcase name="numbers to the power of two [a: 3, b: 2, c: 9, #2]" classname="FirstSpecification" time="0.001"/>
  <testcase name="distinct_bug_8726" classname="FirstSpecification" time="0.183"/>
  <testcase name="Should verify notify was called" classname="FirstSpecification" time="0.015">
    <failure message="groovy.lang.MissingPropertyException: No such property: Notifier for class: FirstSpecification" type="groovy.lang.MissingPropertyException">groovy.lang.MissingPropertyException: No such property: Notifier for class: FirstSpecification
	at FirstSpecification.Should verify notify was called(FirstSpecification.groovy:25)
</failure>
  </testcase>
  <system-out><![CDATA[]]></system-out>
  <system-err><![CDATA[]]></system-err>
</testsuite>
