<?xml version="1.0" encoding="UTF-8"?>
<testsuite name="com.aor.numbers.ListFiltererTest" tests="2" skipped="0" failures="0" errors="0" timestamp="2021-11-26T14:46:04" hostname="DESKTOP-6QRG024" time="0.034">
  <properties/>
  <testcase name="filterDiv()" classname="com.aor.numbers.ListFiltererTest" time="0.022"/>
  <testcase name="filterPos()" classname="com.aor.numbers.ListFiltererTest" time="0.008"/>
  <system-out><![CDATA[]]></system-out>
  <system-err><![CDATA[]]></system-err>
</testsuite>
