<?xml version="1.0" encoding="UTF-8"?>
<testsuite name="com.aor.numbers.ListAggregatorTest" tests="6" skipped="0" failures="0" errors="0" timestamp="2021-11-26T14:28:00" hostname="DESKTOP-6QRG024" time="2.907">
  <properties/>
  <testcase name="distinct_5()" classname="com.aor.numbers.ListAggregatorTest" time="2.845"/>
  <testcase name="max_bug_7263()" classname="com.aor.numbers.ListAggregatorTest" time="0.01"/>
  <testcase name="max()" classname="com.aor.numbers.ListAggregatorTest" time="0.003"/>
  <testcase name="min()" classname="com.aor.numbers.ListAggregatorTest" time="0.01"/>
  <testcase name="sum()" classname="com.aor.numbers.ListAggregatorTest" time="0.001"/>
  <testcase name="distinct()" classname="com.aor.numbers.ListAggregatorTest" time="0.006"/>
  <system-out><![CDATA[]]></system-out>
  <system-err><![CDATA[]]></system-err>
</testsuite>
