<?xml version="1.0" encoding="UTF-8"?>
<testsuite name="ListAggregatorSpecification" tests="6" skipped="0" failures="0" errors="0" timestamp="2021-11-26T15:35:25" hostname="DESKTOP-6QRG024" time="0.025">
  <properties/>
  <testcase name="distinct_bug_8726" classname="ListAggregatorSpecification" time="0.01"/>
  <testcase name="max_bug_7263" classname="ListAggregatorSpecification" time="0.002"/>
  <testcase name="sum" classname="ListAggregatorSpecification" time="0.001"/>
  <testcase name="max" classname="ListAggregatorSpecification" time="0.001"/>
  <testcase name="min" classname="ListAggregatorSpecification" time="0.003"/>
  <testcase name="distinct" classname="ListAggregatorSpecification" time="0.007"/>
  <system-out><![CDATA[]]></system-out>
  <system-err><![CDATA[]]></system-err>
</testsuite>
